build_1785427699/open_filex/outputs/logs/manifest-merger-release-report.txt
-- Merging decision tree log ---
manifest
ADDED from src/main/AndroidManifest.xml:1:1-26:12
INJECTED from src/main/AndroidManifest.xml:1:1-26:12
	package
		ADDED from src/main/AndroidManifest.xml:3:5-38
		INJECTED from src/main/AndroidManifest.xml
	xmlns:tools
		ADDED from src/main/AndroidManifest.xml:2:5-51
	xmlns:android
		ADDED from src/main/AndroidManifest.xml:1:11-69
uses-permission#android.permission.READ_EXTERNAL_STORAGE
ADDED from src/main/AndroidManifest.xml:5:5-7:38
	android:maxSdkVersion
		ADDED from src/main/AndroidManifest.xml:7:9-35
	android:name
		ADDED from src/main/AndroidManifest.xml:6:9-64
uses-permission#android.permission.READ_MEDIA_IMAGES
ADDED from src/main/AndroidManifest.xml:9:5-76
	android:name
		ADDED from src/main/AndroidManifest.xml:9:22-73
uses-permission#android.permission.READ_MEDIA_VIDEO
ADDED from src/main/AndroidManifest.xml:10:5-75
	android:name
		ADDED from src/main/AndroidManifest.xml:10:22-72
uses-permission#android.permission.READ_MEDIA_AUDIO
ADDED from src/main/AndroidManifest.xml:11:5-75
	android:name
		ADDED from src/main/AndroidManifest.xml:11:22-72
application
ADDED from src/main/AndroidManifest.xml:13:5-25:19
provider#com.crazecoder.openfile.FileProvider
ADDED from src/main/AndroidManifest.xml:14:9-24:20
	android:grantUriPermissions
		ADDED from src/main/AndroidManifest.xml:18:13-47
	android:authorities
		ADDED from src/main/AndroidManifest.xml:16:13-88
	android:exported
		ADDED from src/main/AndroidManifest.xml:17:13-37
	tools:replace
		ADDED from src/main/AndroidManifest.xml:19:13-48
	android:name
		ADDED from src/main/AndroidManifest.xml:15:13-64
meta-data#android.support.FILE_PROVIDER_PATHS
ADDED from src/main/AndroidManifest.xml:20:13-23:20
	android:resource
		ADDED from src/main/AndroidManifest.xml:22:17-50
	android:name
		ADDED from src/main/AndroidManifest.xml:21:17-67
uses-sdk
INJECTED from src/main/AndroidManifest.xml reason: use-sdk injection requested
INJECTED from src/main/AndroidManifest.xml
INJECTED from src/main/AndroidManifest.xml
	android:targetSdkVersion
		INJECTED from src/main/AndroidManifest.xml
	android:minSdkVersion
		INJECTED from src/main/AndroidManifest.xml